Arguments: 
  /usr/local/Cellar/node/6.3.0/bin/node /usr/local/bin/yarn add mermaid

PATH: 
  /Users/chenfei7/golang//bin:/usr/local/bin:/usr/bin:/bin:/usr/sbin:/sbin:/usr/local/share/dotnet:/usr/local/go/bin:/usr/local/MacGPG2/bin

Yarn version: 
  0.21.3

Node version: 
  6.3.0

Platform: 
  darwin x64

npm manifest: 
  No manifest

yarn manifest: 
  No manifest

Lockfile: 
  No lockfile

Trace: 
  Error: connect ETIMEDOUT 104.16.61.173:443
      at Object.exports._errnoException (util.js:1008:11)
      at exports._exceptionWithHostPort (util.js:1031:20)
      at TCPConnectWrap.afterConnect [as oncomplete] (net.js:1080:14)
